{
  "stats": {
    "suites": 7,
    "tests": 21,
    "passes": 21,
    "pending": 0,
    "failures": 0,
    "start": "2026-05-07T06:59:17.245Z",
    "end": "2026-05-07T06:59:17.598Z",
    "duration": 353,
    "testsRegistered": 21,
    "passPercent": 100,
    "pendingPercent": 0,
    "other": 0,
    "hasOther": false,
    "skipped": 0,
    "hasSkipped": false
  },
  "results": [
    {
      "uuid": "0477038b-13c5-401d-90c4-d06506149f6b",
      "title": "",
      "fullFile": "",
      "file": "",
      "beforeHooks": [],
      "afterHooks": [],
      "tests": [],
      "suites": [
        {
          "uuid": "316662db-59de-44ee-9e07-f1c2c8285dda",
          "title": "Unit Tests: Validation Utilities",
          "fullFile": "C:\\Users\\DELL\\Downloads\\AuthApp_Mahnoor\\test\\unit\\validation.test.js",
          "file": "\\test\\unit\\validation.test.js",
          "beforeHooks": [],
          "afterHooks": [],
          "tests": [],
          "suites": [
            {
              "uuid": "45387a92-6b71-4f5e-91fb-b2301ce8b7d7",
              "title": "Email Validation",
              "fullFile": "C:\\Users\\DELL\\Downloads\\AuthApp_Mahnoor\\test\\unit\\validation.test.js",
              "file": "\\test\\unit\\validation.test.js",
              "beforeHooks": [],
              "afterHooks": [],
              "tests": [
                {
                  "title": "should return true for valid email",
                  "fullTitle": "Unit Tests: Validation Utilities Email Validation should return true for valid email",
                  "timedOut": false,
                  "duration": 2,
                  "state": "passed",
                  "speed": "fast",
                  "pass": true,
                  "fail": false,
                  "pending": false,
                  "context": null,
                  "code": "expect(validateEmail('test@example.com')).to.be.true;",
                  "err": {},
                  "uuid": "0a54d648-68e0-4c56-88b6-eee12463a85d",
                  "parentUUID": "45387a92-6b71-4f5e-91fb-b2301ce8b7d7",
                  "isHook": false,
                  "skipped": false
                },
                {
                  "title": "should return false for invalid email (no @)",
                  "fullTitle": "Unit Tests: Validation Utilities Email Validation should return false for invalid email (no @)",
                  "timedOut": false,
                  "duration": 0,
                  "state": "passed",
                  "speed": "fast",
                  "pass": true,
                  "fail": false,
                  "pending": false,
                  "context": null,
                  "code": "expect(validateEmail('testexample.com')).to.be.false;",
                  "err": {},
                  "uuid": "c0b9e5ed-d8ad-4b50-bb53-3c4f9f8ff579",
                  "parentUUID": "45387a92-6b71-4f5e-91fb-b2301ce8b7d7",
                  "isHook": false,
                  "skipped": false
                },
                {
                  "title": "should return false for invalid email (no domain)",
                  "fullTitle": "Unit Tests: Validation Utilities Email Validation should return false for invalid email (no domain)",
                  "timedOut": false,
                  "duration": 0,
                  "state": "passed",
                  "speed": "fast",
                  "pass": true,
                  "fail": false,
                  "pending": false,
                  "context": null,
                  "code": "expect(validateEmail('test@')).to.be.false;",
                  "err": {},
                  "uuid": "82f84363-39c0-4a21-a4b2-ba8866b7eed9",
                  "parentUUID": "45387a92-6b71-4f5e-91fb-b2301ce8b7d7",
                  "isHook": false,
                  "skipped": false
                },
                {
                  "title": "should return false for empty email",
                  "fullTitle": "Unit Tests: Validation Utilities Email Validation should return false for empty email",
                  "timedOut": false,
                  "duration": 0,
                  "state": "passed",
                  "speed": "fast",
                  "pass": true,
                  "fail": false,
                  "pending": false,
                  "context": null,
                  "code": "expect(validateEmail('')).to.be.false;",
                  "err": {},
                  "uuid": "3dc3d203-9a6f-4fa8-b0b5-a816a46a1152",
                  "parentUUID": "45387a92-6b71-4f5e-91fb-b2301ce8b7d7",
                  "isHook": false,
                  "skipped": false
                }
              ],
              "suites": [],
              "passes": [
                "0a54d648-68e0-4c56-88b6-eee12463a85d",
                "c0b9e5ed-d8ad-4b50-bb53-3c4f9f8ff579",
                "82f84363-39c0-4a21-a4b2-ba8866b7eed9",
                "3dc3d203-9a6f-4fa8-b0b5-a816a46a1152"
              ],
              "failures": [],
              "pending": [],
              "skipped": [],
              "duration": 2,
              "root": false,
              "rootEmpty": false,
              "_timeout": 2000
            },
            {
              "uuid": "4576523e-0cbe-4a8b-9791-2ac2fcf52d60",
              "title": "Password Validation",
              "fullFile": "C:\\Users\\DELL\\Downloads\\AuthApp_Mahnoor\\test\\unit\\validation.test.js",
              "file": "\\test\\unit\\validation.test.js",
              "beforeHooks": [],
              "afterHooks": [],
              "tests": [
                {
                  "title": "should return true for password >= 8 characters",
                  "fullTitle": "Unit Tests: Validation Utilities Password Validation should return true for password >= 8 characters",
                  "timedOut": false,
                  "duration": 0,
                  "state": "passed",
                  "speed": "fast",
                  "pass": true,
                  "fail": false,
                  "pending": false,
                  "context": null,
                  "code": "expect(validatePassword('12345678')).to.be.true;",
                  "err": {},
                  "uuid": "df0b72b2-54ac-454e-904c-694ea3f8ad48",
                  "parentUUID": "4576523e-0cbe-4a8b-9791-2ac2fcf52d60",
                  "isHook": false,
                  "skipped": false
                },
                {
                  "title": "should return false for password < 8 characters",
                  "fullTitle": "Unit Tests: Validation Utilities Password Validation should return false for password < 8 characters",
                  "timedOut": false,
                  "duration": 0,
                  "state": "passed",
                  "speed": "fast",
                  "pass": true,
                  "fail": false,
                  "pending": false,
                  "context": null,
                  "code": "expect(validatePassword('1234567')).to.be.false;",
                  "err": {},
                  "uuid": "67fc5532-63ec-4a84-bbe3-f7818c0c2920",
                  "parentUUID": "4576523e-0cbe-4a8b-9791-2ac2fcf52d60",
                  "isHook": false,
                  "skipped": false
                },
                {
                  "title": "should return false for empty password",
                  "fullTitle": "Unit Tests: Validation Utilities Password Validation should return false for empty password",
                  "timedOut": false,
                  "duration": 0,
                  "state": "passed",
                  "speed": "fast",
                  "pass": true,
                  "fail": false,
                  "pending": false,
                  "context": null,
                  "code": "expect(validatePassword('')).to.be.false;",
                  "err": {},
                  "uuid": "ef296ecc-4b6a-45f0-96b5-9f70ce6308b0",
                  "parentUUID": "4576523e-0cbe-4a8b-9791-2ac2fcf52d60",
                  "isHook": false,
                  "skipped": false
                }
              ],
              "suites": [],
              "passes": [
                "df0b72b2-54ac-454e-904c-694ea3f8ad48",
                "67fc5532-63ec-4a84-bbe3-f7818c0c2920",
                "ef296ecc-4b6a-45f0-96b5-9f70ce6308b0"
              ],
              "failures": [],
              "pending": [],
              "skipped": [],
              "duration": 0,
              "root": false,
              "rootEmpty": false,
              "_timeout": 2000
            },
            {
              "uuid": "87fd9f2d-e232-4159-a901-ea86dbd00877",
              "title": "Username Validation",
              "fullFile": "C:\\Users\\DELL\\Downloads\\AuthApp_Mahnoor\\test\\unit\\validation.test.js",
              "file": "\\test\\unit\\validation.test.js",
              "beforeHooks": [],
              "afterHooks": [],
              "tests": [
                {
                  "title": "should return true for alphanumeric username >= 3 characters",
                  "fullTitle": "Unit Tests: Validation Utilities Username Validation should return true for alphanumeric username >= 3 characters",
                  "timedOut": false,
                  "duration": 1,
                  "state": "passed",
                  "speed": "fast",
                  "pass": true,
                  "fail": false,
                  "pending": false,
                  "context": null,
                  "code": "expect(validateUsername('alice123')).to.be.true;",
                  "err": {},
                  "uuid": "450616f3-8fe8-40e6-9008-a511475e1c8d",
                  "parentUUID": "87fd9f2d-e232-4159-a901-ea86dbd00877",
                  "isHook": false,
                  "skipped": false
                },
                {
                  "title": "should return false for username < 3 characters",
                  "fullTitle": "Unit Tests: Validation Utilities Username Validation should return false for username < 3 characters",
                  "timedOut": false,
                  "duration": 0,
                  "state": "passed",
                  "speed": "fast",
                  "pass": true,
                  "fail": false,
                  "pending": false,
                  "context": null,
                  "code": "expect(validateUsername('al')).to.be.false;",
                  "err": {},
                  "uuid": "12d101da-b7d7-40c7-9311-875cbeb18dde",
                  "parentUUID": "87fd9f2d-e232-4159-a901-ea86dbd00877",
                  "isHook": false,
                  "skipped": false
                },
                {
                  "title": "should return false for username with special characters",
                  "fullTitle": "Unit Tests: Validation Utilities Username Validation should return false for username with special characters",
                  "timedOut": false,
                  "duration": 0,
                  "state": "passed",
                  "speed": "fast",
                  "pass": true,
                  "fail": false,
                  "pending": false,
                  "context": null,
                  "code": "expect(validateUsername('alice!')).to.be.false;",
                  "err": {},
                  "uuid": "569f366c-5515-4b35-a453-4087600b1487",
                  "parentUUID": "87fd9f2d-e232-4159-a901-ea86dbd00877",
                  "isHook": false,
                  "skipped": false
                },
                {
                  "title": "should return false for empty username",
                  "fullTitle": "Unit Tests: Validation Utilities Username Validation should return false for empty username",
                  "timedOut": false,
                  "duration": 0,
                  "state": "passed",
                  "speed": "fast",
                  "pass": true,
                  "fail": false,
                  "pending": false,
                  "context": null,
                  "code": "expect(validateUsername('')).to.be.false;",
                  "err": {},
                  "uuid": "729df85d-e5f2-427b-a7d4-984c8a10840a",
                  "parentUUID": "87fd9f2d-e232-4159-a901-ea86dbd00877",
                  "isHook": false,
                  "skipped": false
                }
              ],
              "suites": [],
              "passes": [
                "450616f3-8fe8-40e6-9008-a511475e1c8d",
                "12d101da-b7d7-40c7-9311-875cbeb18dde",
                "569f366c-5515-4b35-a453-4087600b1487",
                "729df85d-e5f2-427b-a7d4-984c8a10840a"
              ],
              "failures": [],
              "pending": [],
              "skipped": [],
              "duration": 1,
              "root": false,
              "rootEmpty": false,
              "_timeout": 2000
            }
          ],
          "passes": [],
          "failures": [],
          "pending": [],
          "skipped": [],
          "duration": 0,
          "root": false,
          "rootEmpty": false,
          "_timeout": 2000
        },
        {
          "uuid": "efbedcec-901e-4ceb-929f-a7475337bfb5",
          "title": "Integration Tests: Authentication Flow",
          "fullFile": "C:\\Users\\DELL\\Downloads\\AuthApp_Mahnoor\\test\\integration\\auth.test.js",
          "file": "\\test\\integration\\auth.test.js",
          "beforeHooks": [],
          "afterHooks": [],
          "tests": [],
          "suites": [
            {
              "uuid": "6d4a1b57-c931-4a69-ac79-bb15e408c8fd",
              "title": "Signup Scenarios",
              "fullFile": "C:\\Users\\DELL\\Downloads\\AuthApp_Mahnoor\\test\\integration\\auth.test.js",
              "file": "\\test\\integration\\auth.test.js",
              "beforeHooks": [],
              "afterHooks": [],
              "tests": [
                {
                  "title": "should successfully sign up with valid credentials",
                  "fullTitle": "Integration Tests: Authentication Flow Signup Scenarios should successfully sign up with valid credentials",
                  "timedOut": false,
                  "duration": 147,
                  "state": "passed",
                  "speed": "slow",
                  "pass": true,
                  "fail": false,
                  "pending": false,
                  "context": null,
                  "code": "const user = signupPage.getValidUser();\nrequest(app)\n    .post('/signup')\n    .send(user)\n    .expect(302)\n    .expect('Location', '/login')\n    .end(done);",
                  "err": {},
                  "uuid": "71e74b2a-cd82-4425-9c30-cc10f4b1868f",
                  "parentUUID": "6d4a1b57-c931-4a69-ac79-bb15e408c8fd",
                  "isHook": false,
                  "skipped": false
                },
                {
                  "title": "should fail sign up with invalid email",
                  "fullTitle": "Integration Tests: Authentication Flow Signup Scenarios should fail sign up with invalid email",
                  "timedOut": false,
                  "duration": 46,
                  "state": "passed",
                  "speed": "medium",
                  "pass": true,
                  "fail": false,
                  "pending": false,
                  "context": null,
                  "code": "const user = signupPage.getInvalidEmailUser();\nrequest(app)\n    .post('/signup')\n    .send(user)\n    .expect(200)\n    .end((err, res) => {\n        expect(res.text).to.contain('Please provide a valid email');\n        done();\n    });",
                  "err": {},
                  "uuid": "b845c2cd-85bb-48de-875e-3b835a879da0",
                  "parentUUID": "6d4a1b57-c931-4a69-ac79-bb15e408c8fd",
                  "isHook": false,
                  "skipped": false
                },
                {
                  "title": "should fail sign up with short password",
                  "fullTitle": "Integration Tests: Authentication Flow Signup Scenarios should fail sign up with short password",
                  "timedOut": false,
                  "duration": 16,
                  "state": "passed",
                  "speed": "fast",
                  "pass": true,
                  "fail": false,
                  "pending": false,
                  "context": null,
                  "code": "const user = signupPage.getShortPasswordUser();\nrequest(app)\n    .post('/signup')\n    .send(user)\n    .expect(200)\n    .end((err, res) => {\n        expect(res.text).to.contain('Password must be at least 8 characters long');\n        done();\n    });",
                  "err": {},
                  "uuid": "303de805-7b52-4d9b-9adf-0f492249686f",
                  "parentUUID": "6d4a1b57-c931-4a69-ac79-bb15e408c8fd",
                  "isHook": false,
                  "skipped": false
                },
                {
                  "title": "should fail sign up with invalid username",
                  "fullTitle": "Integration Tests: Authentication Flow Signup Scenarios should fail sign up with invalid username",
                  "timedOut": false,
                  "duration": 18,
                  "state": "passed",
                  "speed": "fast",
                  "pass": true,
                  "fail": false,
                  "pending": false,
                  "context": null,
                  "code": "const user = signupPage.getInvalidUsernameUser();\nrequest(app)\n    .post('/signup')\n    .send(user)\n    .expect(200)\n    .end((err, res) => {\n        expect(res.text).to.contain('Username must be alphanumeric and at least 3 characters long');\n        done();\n    });",
                  "err": {},
                  "uuid": "5dd80377-8c59-4726-9526-4e1f1d3ac19d",
                  "parentUUID": "6d4a1b57-c931-4a69-ac79-bb15e408c8fd",
                  "isHook": false,
                  "skipped": false
                },
                {
                  "title": "should fail sign up with missing fields",
                  "fullTitle": "Integration Tests: Authentication Flow Signup Scenarios should fail sign up with missing fields",
                  "timedOut": false,
                  "duration": 12,
                  "state": "passed",
                  "speed": "fast",
                  "pass": true,
                  "fail": false,
                  "pending": false,
                  "context": null,
                  "code": "const user = signupPage.getMissingFieldsUser();\nrequest(app)\n    .post('/signup')\n    .send(user)\n    .expect(200)\n    .end((err, res) => {\n        expect(res.text).to.contain('Please provide all fields');\n        done();\n    });",
                  "err": {},
                  "uuid": "ab494c41-ac4e-44e3-b1ec-503573c85b50",
                  "parentUUID": "6d4a1b57-c931-4a69-ac79-bb15e408c8fd",
                  "isHook": false,
                  "skipped": false
                },
                {
                  "title": "should not allow duplicate sign up with same email",
                  "fullTitle": "Integration Tests: Authentication Flow Signup Scenarios should not allow duplicate sign up with same email",
                  "timedOut": false,
                  "duration": 22,
                  "state": "passed",
                  "speed": "fast",
                  "pass": true,
                  "fail": false,
                  "pending": false,
                  "context": null,
                  "code": "const user = signupPage.getValidUser();\n// First signup (already done in first test, but for clarity)\nrequest(app)\n    .post('/signup')\n    .send(user)\n    .expect(302)\n    .end(() => {\n        // Try to sign up again with same email\n        request(app)\n            .post('/signup')\n            .send(user)\n            .expect(200)\n            .end((err, res) => {\n                expect(res.text).to.contain('User already exists');\n                done();\n            });\n    });",
                  "err": {},
                  "uuid": "5a39cb6b-4b5a-4b1a-aea5-04c54f5832f1",
                  "parentUUID": "6d4a1b57-c931-4a69-ac79-bb15e408c8fd",
                  "isHook": false,
                  "skipped": false
                }
              ],
              "suites": [],
              "passes": [
                "71e74b2a-cd82-4425-9c30-cc10f4b1868f",
                "b845c2cd-85bb-48de-875e-3b835a879da0",
                "303de805-7b52-4d9b-9adf-0f492249686f",
                "5dd80377-8c59-4726-9526-4e1f1d3ac19d",
                "ab494c41-ac4e-44e3-b1ec-503573c85b50",
                "5a39cb6b-4b5a-4b1a-aea5-04c54f5832f1"
              ],
              "failures": [],
              "pending": [],
              "skipped": [],
              "duration": 261,
              "root": false,
              "rootEmpty": false,
              "_timeout": 2000
            },
            {
              "uuid": "4b95ddc3-c8ea-4436-be66-c941cb9e06df",
              "title": "Login Scenarios",
              "fullFile": "C:\\Users\\DELL\\Downloads\\AuthApp_Mahnoor\\test\\integration\\auth.test.js",
              "file": "\\test\\integration\\auth.test.js",
              "beforeHooks": [],
              "afterHooks": [],
              "tests": [
                {
                  "title": "should successfully login with valid credentials",
                  "fullTitle": "Integration Tests: Authentication Flow Login Scenarios should successfully login with valid credentials",
                  "timedOut": false,
                  "duration": 11,
                  "state": "passed",
                  "speed": "fast",
                  "pass": true,
                  "fail": false,
                  "pending": false,
                  "context": null,
                  "code": "const user = signupPage.getValidUser();\nconst credentials = { email: user.email, password: user.password };\nrequest(app)\n    .post('/login')\n    .send(credentials)\n    .expect(200)\n    .end((err, res) => {\n        expect(res.text).to.contain('Dashboard');\n        expect(res.text).to.contain(user.username);\n        done();\n    });",
                  "err": {},
                  "uuid": "ede01ecc-7c50-4e88-956f-27bf7ed4f82d",
                  "parentUUID": "4b95ddc3-c8ea-4436-be66-c941cb9e06df",
                  "isHook": false,
                  "skipped": false
                },
                {
                  "title": "should fail login with wrong password",
                  "fullTitle": "Integration Tests: Authentication Flow Login Scenarios should fail login with wrong password",
                  "timedOut": false,
                  "duration": 12,
                  "state": "passed",
                  "speed": "fast",
                  "pass": true,
                  "fail": false,
                  "pending": false,
                  "context": null,
                  "code": "const user = signupPage.getValidUser();\nconst credentials = { email: user.email, password: 'wrongpassword' };\nrequest(app)\n    .post('/login')\n    .send(credentials)\n    .expect(200)\n    .end((err, res) => {\n        expect(res.text).to.contain('Invalid email or password');\n        done();\n    });",
                  "err": {},
                  "uuid": "687fa969-cbaa-42a0-bbb6-3976fc2f81d2",
                  "parentUUID": "4b95ddc3-c8ea-4436-be66-c941cb9e06df",
                  "isHook": false,
                  "skipped": false
                },
                {
                  "title": "should fail login with non-existent user",
                  "fullTitle": "Integration Tests: Authentication Flow Login Scenarios should fail login with non-existent user",
                  "timedOut": false,
                  "duration": 16,
                  "state": "passed",
                  "speed": "fast",
                  "pass": true,
                  "fail": false,
                  "pending": false,
                  "context": null,
                  "code": "const credentials = { email: 'nonexistent@example.com', password: 'password123' };\nrequest(app)\n    .post('/login')\n    .send(credentials)\n    .expect(200)\n    .end((err, res) => {\n        expect(res.text).to.contain('Invalid email or password');\n        done();\n    });",
                  "err": {},
                  "uuid": "087c0394-371e-43af-9d32-470932bd4df8",
                  "parentUUID": "4b95ddc3-c8ea-4436-be66-c941cb9e06df",
                  "isHook": false,
                  "skipped": false
                },
                {
                  "title": "should fail login with missing fields",
                  "fullTitle": "Integration Tests: Authentication Flow Login Scenarios should fail login with missing fields",
                  "timedOut": false,
                  "duration": 9,
                  "state": "passed",
                  "speed": "fast",
                  "pass": true,
                  "fail": false,
                  "pending": false,
                  "context": null,
                  "code": "const credentials = { email: '', password: '' };\nrequest(app)\n    .post('/login')\n    .send(credentials)\n    .expect(200)\n    .end((err, res) => {\n        expect(res.text).to.contain('Please provide email and password');\n        done();\n    });",
                  "err": {},
                  "uuid": "54e24fbf-12be-48ed-8870-23ffc2ea60c9",
                  "parentUUID": "4b95ddc3-c8ea-4436-be66-c941cb9e06df",
                  "isHook": false,
                  "skipped": false
                }
              ],
              "suites": [],
              "passes": [
                "ede01ecc-7c50-4e88-956f-27bf7ed4f82d",
                "687fa969-cbaa-42a0-bbb6-3976fc2f81d2",
                "087c0394-371e-43af-9d32-470932bd4df8",
                "54e24fbf-12be-48ed-8870-23ffc2ea60c9"
              ],
              "failures": [],
              "pending": [],
              "skipped": [],
              "duration": 48,
              "root": false,
              "rootEmpty": false,
              "_timeout": 2000
            }
          ],
          "passes": [],
          "failures": [],
          "pending": [],
          "skipped": [],
          "duration": 0,
          "root": false,
          "rootEmpty": false,
          "_timeout": 2000
        }
      ],
      "passes": [],
      "failures": [],
      "pending": [],
      "skipped": [],
      "duration": 0,
      "root": true,
      "rootEmpty": true,
      "_timeout": 2000
    }
  ],
  "meta": {
    "mocha": {
      "version": "11.7.5"
    },
    "mochawesome": {
      "options": {
        "quiet": false,
        "reportFilename": "test-report",
        "saveHtml": true,
        "saveJson": true,
        "consoleReporter": "spec",
        "useInlineDiffs": false,
        "code": true
      },
      "version": "7.1.4"
    },
    "marge": {
      "options": {
        "reportDir": "reports",
        "reportFilename": "test-report",
        "html": "true",
        "json": "true"
      },
      "version": "6.3.2"
    }
  }
}